# JRE version: OpenJDK Runtime Environment (17.0.6) (build 17.0.6+0-b2043.56-9586694)
# Java VM: OpenJDK 64-Bit Server VM (17.0.6+0-b2043.56-9586694, mixed mode, tiered, compressed oops, compressed class ptrs, g1 gc, windows-amd64)
GC Precious Log:
 CPUs: 16 total, 16 available
 Memory: 16293M
 Large Page Support: Disabled
 NUMA Support: Disabled
 Compressed Oops: Enabled (32-bit)
 Heap Region Size: 1M
 Heap Min Capacity: 8M
 Heap Initial Capacity: 256M
 Heap Max Capacity: 2G
 Pre-touch: Disabled
 Parallel Workers: 13
 Concurrent Workers: 3
 Concurrent Refinement Workers: 13
 Periodic GC: Disabled
Heap:
 garbage-first heap   total 194560K, used 134697K [0x0000000080000000, 0x0000000100000000)
  region size 1024K, 29 young (29696K), 3 survivors (3072K)
 Metaspace       used 100382K, committed 101056K, reserved 1138688K
  class space    used 13404K, committed 13696K, reserved 1048576K
GC Heap History (20 events):
Event: 7.274 GC heap before
{Heap before GC invocations=28 (full 0):
 garbage-first heap   total 128000K, used 102253K [0x0000000080000000, 0x0000000100000000)
  region size 1024K, 44 young (45056K), 4 survivors (4096K)
 Metaspace       used 81971K, committed 82560K, reserved 1122304K
  class space    used 11112K, committed 11392K, reserved 1048576K
}
Event: 7.279 GC heap after
{Heap after GC invocations=29 (full 0):
 garbage-first heap   total 128000K, used 64847K [0x0000000080000000, 0x0000000100000000)
  region size 1024K, 6 young (6144K), 6 survivors (6144K)
 Metaspace       used 81971K, committed 82560K, reserved 1122304K
  class space    used 11112K, committed 11392K, reserved 1048576K
}
Event: 7.573 GC heap before
{Heap before GC invocations=29 (full 0):
 garbage-first heap   total 128000K, used 103759K [0x0000000080000000, 0x0000000100000000)
  region size 1024K, 44 young (45056K), 6 survivors (6144K)
 Metaspace       used 82199K, committed 82880K, reserved 1122304K
  class space    used 11140K, committed 11456K, reserved 1048576K
}
Event: 7.581 GC heap after
{Heap after GC invocations=30 (full 0):
 garbage-first heap   total 128000K, used 71473K [0x0000000080000000, 0x0000000100000000)
  region size 1024K, 6 young (6144K), 6 survivors (6144K)
 Metaspace       used 82199K, committed 82880K, reserved 1122304K
  class space    used 11140K, committed 11456K, reserved 1048576K
}
Event: 7.934 GC heap before
{Heap before GC invocations=31 (full 0):
 garbage-first heap   total 128000K, used 103217K [0x0000000080000000, 0x0000000100000000)
  region size 1024K, 37 young (37888K), 6 survivors (6144K)
 Metaspace       used 84884K, committed 85568K, reserved 1130496K
  class space    used 11739K, committed 12032K, reserved 1048576K
}
Event: 7.939 GC heap after
{Heap after GC invocations=32 (full 0):
 garbage-first heap   total 128000K, used 75006K [0x0000000080000000, 0x0000000100000000)
  region size 1024K, 4 young (4096K), 4 survivors (4096K)
 Metaspace       used 84884K, committed 85568K, reserved 1130496K
  class space    used 11739K, committed 12032K, reserved 1048576K
}
Event: 8.070 GC heap before
{Heap before GC invocations=32 (full 0):
 garbage-first heap   total 128000K, used 102654K [0x0000000080000000, 0x0000000100000000)
  region size 1024K, 32 young (32768K), 4 survivors (4096K)
 Metaspace       used 85097K, committed 85760K, reserved 1130496K
  class space    used 11747K, committed 12032K, reserved 1048576K
}
Event: 8.074 GC heap after
{Heap after GC invocations=33 (full 0):
 garbage-first heap   total 128000K, used 76825K [0x0000000080000000, 0x0000000100000000)
  region size 1024K, 2 young (2048K), 2 survivors (2048K)
 Metaspace       used 85097K, committed 85760K, reserved 1130496K
  class space    used 11747K, committed 12032K, reserved 1048576K
}
Event: 8.464 GC heap before
{Heap before GC invocations=34 (full 0):
 garbage-first heap   total 140288K, used 106521K [0x0000000080000000, 0x0000000100000000)
  region size 1024K, 30 young (30720K), 2 survivors (2048K)
 Metaspace       used 87859K, committed 88512K, reserved 1130496K
  class space    used 12079K, committed 12352K, reserved 1048576K
}
Event: 8.468 GC heap after
{Heap after GC invocations=35 (full 0):
 garbage-first heap   total 140288K, used 83294K [0x0000000080000000, 0x0000000100000000)
  region size 1024K, 4 young (4096K), 4 survivors (4096K)
 Metaspace       used 87859K, committed 88512K, reserved 1130496K
  class space    used 12079K, committed 12352K, reserved 1048576K
}
Event: 8.486 GC heap before
{Heap before GC invocations=35 (full 0):
 garbage-first heap   total 140288K, used 84318K [0x0000000080000000, 0x0000000100000000)
  region size 1024K, 6 young (6144K), 4 survivors (4096K)
 Metaspace       used 87873K, committed 88512K, reserved 1130496K
  class space    used 12079K, committed 12352K, reserved 1048576K
}
Event: 8.489 GC heap after
{Heap after GC invocations=36 (full 0):
 garbage-first heap   total 194560K, used 84779K [0x0000000080000000, 0x0000000100000000)
  region size 1024K, 1 young (1024K), 1 survivors (1024K)
 Metaspace       used 87873K, committed 88512K, reserved 1130496K
  class space    used 12079K, committed 12352K, reserved 1048576K
}
Event: 9.338 GC heap before
{Heap before GC invocations=36 (full 0):
 garbage-first heap   total 194560K, used 176939K [0x0000000080000000, 0x0000000100000000)
  region size 1024K, 69 young (70656K), 1 survivors (1024K)
 Metaspace       used 90003K, committed 90688K, reserved 1130496K
  class space    used 12306K, committed 12672K, reserved 1048576K
}
Event: 9.344 GC heap after
{Heap after GC invocations=37 (full 0):
 garbage-first heap   total 194560K, used 97191K [0x0000000080000000, 0x0000000100000000)
  region size 1024K, 9 young (9216K), 9 survivors (9216K)
 Metaspace       used 90003K, committed 90688K, reserved 1130496K
  class space    used 12306K, committed 12672K, reserved 1048576K
}
Event: 9.769 GC heap before
{Heap before GC invocations=37 (full 0):
 garbage-first heap   total 194560K, used 153511K [0x0000000080000000, 0x0000000100000000)
  region size 1024K, 65 young (66560K), 9 survivors (9216K)
 Metaspace       used 93266K, committed 93888K, reserved 1130496K
  class space    used 12606K, committed 12928K, reserved 1048576K
}
Event: 9.777 GC heap after
{Heap after GC invocations=38 (full 0):
 garbage-first heap   total 194560K, used 103046K [0x0000000080000000, 0x0000000100000000)
  region size 1024K, 6 young (6144K), 6 survivors (6144K)
 Metaspace       used 93266K, committed 93888K, reserved 1130496K
  class space    used 12606K, committed 12928K, reserved 1048576K
}
Event: 10.069 GC heap before
{Heap before GC invocations=38 (full 0):
 garbage-first heap   total 194560K, used 156294K [0x0000000080000000, 0x0000000100000000)
  region size 1024K, 59 young (60416K), 6 survivors (6144K)
 Metaspace       used 94715K, committed 95360K, reserved 1138688K
  class space    used 12720K, committed 12992K, reserved 1048576K
}
Event: 10.075 GC heap after
{Heap after GC invocations=39 (full 0):
 garbage-first heap   total 194560K, used 107330K [0x0000000080000000, 0x0000000100000000)
  region size 1024K, 5 young (5120K), 5 survivors (5120K)
 Metaspace       used 94715K, committed 95360K, reserved 1138688K
  class space    used 12720K, committed 12992K, reserved 1048576K
}
Event: 10.714 GC heap before
{Heap before GC invocations=39 (full 0):
 garbage-first heap   total 194560K, used 157506K [0x0000000080000000, 0x0000000100000000)
  region size 1024K, 55 young (56320K), 5 survivors (5120K)
 Metaspace       used 96987K, committed 97664K, reserved 1138688K
  class space    used 12963K, committed 13248K, reserved 1048576K
}
Event: 10.718 GC heap after
{Heap after GC invocations=40 (full 0):
 garbage-first heap   total 194560K, used 110121K [0x0000000080000000, 0x0000000100000000)
  region size 1024K, 3 young (3072K), 3 survivors (3072K)
 Metaspace       used 96987K, committed 97664K, reserved 1138688K
  class space    used 12963K, committed 13248K, reserved 1048576K
}

